[debug] [2021-12-11T23:48:14.527Z] ----------------------------------------------------------------------
[debug] [2021-12-11T23:48:14.529Z] Command:       C:\Program Files\nodejs\node.exe C:\Program Files\nodejs\node_modules\firebase-tools\lib\bin\firebase.js hosting:disable
[debug] [2021-12-11T23:48:14.530Z] CLI Version:   9.23.1
[debug] [2021-12-11T23:48:14.530Z] Platform:      win32
[debug] [2021-12-11T23:48:14.530Z] Node Version:  v17.1.0
[debug] [2021-12-11T23:48:14.531Z] Time:          Sun Dec 12 2021 08:48:14 GMT+0900 (GMT+09:00)
[debug] [2021-12-11T23:48:14.531Z] ----------------------------------------------------------------------
[debug] 
[debug] [2021-12-11T23:48:14.587Z] > command requires scopes: ["email","openid","https://www.googleapis.com/auth/cloudplatformprojects.readonly","https://www.googleapis.com/auth/firebase","https://www.googleapis.com/auth/cloud-platform"]
[debug] [2021-12-11T23:48:14.587Z] > authorizing via signed-in user (mofuiti1803@gmail.com)
[debug] [2021-12-11T23:48:14.587Z] [iam] checking project svelte-fire-tail-temp for permissions ["firebase.projects.get","firebasehosting.sites.update"]
[debug] [2021-12-11T23:48:14.590Z] > refreshing access token with scopes: ["email","https://www.googleapis.com/auth/cloud-platform","https://www.googleapis.com/auth/cloudplatformprojects.readonly","https://www.googleapis.com/auth/firebase","openid"]
[debug] [2021-12-11T23:48:14.590Z] >>> HTTP REQUEST POST https://www.googleapis.com/oauth2/v3/token  
 <request body omitted>
[debug] [2021-12-11T23:48:14.802Z] <<< HTTP RESPONSE 200 {"cache-control":"no-cache, no-store, max-age=0, must-revalidate","pragma":"no-cache","date":"Sat, 11 Dec 2021 23:48:14 GMT","expires":"Mon, 01 Jan 1990 00:00:00 GMT","content-type":"application/json; charset=utf-8","vary":"X-Origin, Referer, Origin,Accept-Encoding","server":"scaffolding on HTTPServer2","x-xss-protection":"0","x-frame-options":"SAMEORIGIN","x-content-type-options":"nosniff","alt-svc":"h3=\":443\"; ma=2592000,h3-29=\":443\"; ma=2592000,h3-Q050=\":443\"; ma=2592000,h3-Q046=\":443\"; ma=2592000,h3-Q043=\":443\"; ma=2592000,quic=\":443\"; ma=2592000; v=\"46,43\"","accept-ranges":"none","transfer-encoding":"chunked"}
[debug] [2021-12-11T23:48:14.822Z] >>> HTTP REQUEST POST https://cloudresourcemanager.googleapis.com/v1/projects/svelte-fire-tail-temp:testIamPermissions  
 {"permissions":["firebase.projects.get","firebasehosting.sites.update"]}
[debug] [2021-12-11T23:48:15.503Z] <<< HTTP RESPONSE 200 {"content-type":"application/json; charset=UTF-8","vary":"X-Origin, Referer, Origin,Accept-Encoding","date":"Sat, 11 Dec 2021 23:48:15 GMT","server":"ESF","cache-control":"private","x-xss-protection":"0","x-frame-options":"SAMEORIGIN","x-content-type-options":"nosniff","server-timing":"gfet4t7; dur=568","alt-svc":"h3=\":443\"; ma=2592000,h3-29=\":443\"; ma=2592000,h3-Q050=\":443\"; ma=2592000,h3-Q046=\":443\"; ma=2592000,h3-Q043=\":443\"; ma=2592000,quic=\":443\"; ma=2592000; v=\"46,43\"","accept-ranges":"none","transfer-encoding":"chunked"}
[debug] [2021-12-11T23:48:15.504Z] > refreshing access token with scopes: []
[debug] [2021-12-11T23:48:15.504Z] >>> HTTP REQUEST POST https://www.googleapis.com/oauth2/v3/token  
 <request body omitted>
[debug] [2021-12-11T23:48:15.609Z] <<< HTTP RESPONSE 200 {"cache-control":"no-cache, no-store, max-age=0, must-revalidate","date":"Sat, 11 Dec 2021 23:48:15 GMT","pragma":"no-cache","expires":"Mon, 01 Jan 1990 00:00:00 GMT","content-type":"application/json; charset=utf-8","vary":"X-Origin, Referer, Origin,Accept-Encoding","server":"scaffolding on HTTPServer2","x-xss-protection":"0","x-frame-options":"SAMEORIGIN","x-content-type-options":"nosniff","alt-svc":"h3=\":443\"; ma=2592000,h3-29=\":443\"; ma=2592000,h3-Q050=\":443\"; ma=2592000,h3-Q046=\":443\"; ma=2592000,h3-Q043=\":443\"; ma=2592000,quic=\":443\"; ma=2592000; v=\"46,43\"","accept-ranges":"none","transfer-encoding":"chunked"}
[debug] [2021-12-11T23:48:15.624Z] >>> [apiv2][query] GET https://firebase.googleapis.com/v1beta1/projects/svelte-fire-tail-temp [none]
[debug] [2021-12-11T23:48:16.235Z] <<< [apiv2][status] GET https://firebase.googleapis.com/v1beta1/projects/svelte-fire-tail-temp 200
[debug] [2021-12-11T23:48:16.235Z] <<< [apiv2][body] GET https://firebase.googleapis.com/v1beta1/projects/svelte-fire-tail-temp {"projectId":"svelte-fire-tail-temp","projectNumber":"117783386320","displayName":"svelte-fire-tail-temp","name":"projects/svelte-fire-tail-temp","resources":{"hostingSite":"svelte-fire-tail-temp"},"state":"ACTIVE"}
